This file contains any messages produced by compilers while
running configure, to aid debugging if configure makes a mistake.

It was created by apertium-separable configure 0.1.1, which was
generated by GNU Autoconf 2.69.  Invocation command line was

  $ ./configure 

## --------- ##
## Platform. ##
## --------- ##

hostname = himanshu-X556UF
uname -m = x86_64
uname -r = 4.4.0-101-generic
uname -s = Linux
uname -v = #124-Ubuntu SMP Fri Nov 10 18:29:59 UTC 2017

/usr/bin/uname -p = unknown
/bin/uname -X     = unknown

/bin/arch              = unknown
/usr/bin/arch -k       = unknown
/usr/convex/getsysinfo = unknown
/usr/bin/hostinfo      = unknown
/bin/machine           = unknown
/usr/bin/oslevel       = unknown
/bin/universe          = unknown

PATH: /home/himanshu/.rbenv/plugins/ruby-build/bin
PATH: /home/himanshu/.rbenv/shims
PATH: /home/himanshu/.rbenv/bin
PATH: /usr/local/sbin
PATH: /usr/local/bin
PATH: /usr/sbin
PATH: /usr/bin
PATH: /sbin
PATH: /bin
PATH: /usr/games
PATH: /usr/local/games
PATH: /snap/bin


## ----------- ##
## Core tests. ##
## ----------- ##

configure:2192: checking for a BSD-compatible install
configure:2260: result: /usr/bin/install -c
configure:2271: checking whether build environment is sane
configure:2326: result: yes
configure:2477: checking for a thread-safe mkdir -p
configure:2516: result: /bin/mkdir -p
configure:2523: checking for gawk
configure:2539: found /usr/bin/gawk
configure:2550: result: gawk
configure:2561: checking whether make sets $(MAKE)
configure:2583: result: yes
configure:2612: checking whether make supports nested variables
configure:2629: result: yes
configure:2809: checking for g++
configure:2825: found /usr/bin/g++
configure:2836: result: g++
configure:2863: checking for C++ compiler version
configure:2872: g++ --version >&5
g++ (Ubuntu 5.4.0-6ubuntu1~16.04.5) 5.4.0 20160609
Copyright (C) 2015 Free Software Foundation, Inc.
This is free software; see the source for copying conditions.  There is NO
warranty; not even for MERCHANTABILITY or FITNESS FOR A PARTICULAR PURPOSE.

configure:2883: $? = 0
configure:2872: g++ -v >&5
Using built-in specs.
COLLECT_GCC=g++
COLLECT_LTO_WRAPPER=/usr/lib/gcc/x86_64-linux-gnu/5/lto-wrapper
Target: x86_64-linux-gnu
Configured with: ../src/configure -v --with-pkgversion='Ubuntu 5.4.0-6ubuntu1~16.04.5' --with-bugurl=file:///usr/share/doc/gcc-5/README.Bugs --enable-languages=c,ada,c++,java,go,d,fortran,objc,obj-c++ --prefix=/usr --program-suffix=-5 --enable-shared --enable-linker-build-id --libexecdir=/usr/lib --without-included-gettext --enable-threads=posix --libdir=/usr/lib --enable-nls --with-sysroot=/ --enable-clocale=gnu --enable-libstdcxx-debug --enable-libstdcxx-time=yes --with-default-libstdcxx-abi=new --enable-gnu-unique-object --disable-vtable-verify --enable-libmpx --enable-plugin --with-system-zlib --disable-browser-plugin --enable-java-awt=gtk --enable-gtk-cairo --with-java-home=/usr/lib/jvm/java-1.5.0-gcj-5-amd64/jre --enable-java-home --with-jvm-root-dir=/usr/lib/jvm/java-1.5.0-gcj-5-amd64 --with-jvm-jar-dir=/usr/lib/jvm-exports/java-1.5.0-gcj-5-amd64 --with-arch-directory=amd64 --with-ecj-jar=/usr/share/java/eclipse-ecj.jar --enable-objc-gc --enable-multiarch --disable-werror --with-arch-32=i686 --with-abi=m64 --with-multilib-list=m32,m64,mx32 --enable-multilib --with-tune=generic --enable-checking=release --build=x86_64-linux-gnu --host=x86_64-linux-gnu --target=x86_64-linux-gnu
Thread model: posix
gcc version 5.4.0 20160609 (Ubuntu 5.4.0-6ubuntu1~16.04.5) 
configure:2883: $? = 0
configure:2872: g++ -V >&5
g++: error: unrecognized command line option '-V'
g++: fatal error: no input files
compilation terminated.
configure:2883: $? = 1
configure:2872: g++ -qversion >&5
g++: error: unrecognized command line option '-qversion'
g++: fatal error: no input files
compilation terminated.
configure:2883: $? = 1
configure:2903: checking whether the C++ compiler works
configure:2925: g++    conftest.cpp  >&5
configure:2929: $? = 0
configure:2977: result: yes
configure:2980: checking for C++ compiler default output file name
configure:2982: result: a.out
configure:2988: checking for suffix of executables
configure:2995: g++ -o conftest    conftest.cpp  >&5
configure:2999: $? = 0
configure:3021: result: 
configure:3043: checking whether we are cross compiling
configure:3051: g++ -o conftest    conftest.cpp  >&5
configure:3055: $? = 0
configure:3062: ./conftest
configure:3066: $? = 0
configure:3081: result: no
configure:3086: checking for suffix of object files
configure:3108: g++ -c   conftest.cpp >&5
configure:3112: $? = 0
configure:3133: result: o
configure:3137: checking whether we are using the GNU C++ compiler
configure:3156: g++ -c   conftest.cpp >&5
configure:3156: $? = 0
configure:3165: result: yes
configure:3174: checking whether g++ accepts -g
configure:3194: g++ -c -g  conftest.cpp >&5
configure:3194: $? = 0
configure:3235: result: yes
configure:3269: checking for style of include used by make
configure:3297: result: GNU
configure:3323: checking dependency style of g++
configure:3434: result: gcc3
configure:3449: checking whether build environment is sane
configure:3504: result: yes
configure:3586: checking for pkg-config
configure:3604: found /usr/bin/pkg-config
configure:3616: result: /usr/bin/pkg-config
configure:3641: checking pkg-config is at least version 0.9.0
configure:3644: result: yes
configure:3654: checking for LTTOOLBOX
configure:3661: $PKG_CONFIG --exists --print-errors "lttoolbox >= 3.2.0"
configure:3664: $? = 0
configure:3678: $PKG_CONFIG --exists --print-errors "lttoolbox >= 3.2.0"
configure:3681: $? = 0
configure:3739: result: yes
configure:3749: checking for APERTIUM
configure:3756: $PKG_CONFIG --exists --print-errors "apertium >= 3.2.0"
configure:3759: $? = 0
configure:3773: $PKG_CONFIG --exists --print-errors "apertium >= 3.2.0"
configure:3776: $? = 0
configure:3834: result: yes
configure:3844: checking for LIBXML
configure:3851: $PKG_CONFIG --exists --print-errors "libxml-2.0 >= 2.6.17"
configure:3854: $? = 0
configure:3868: $PKG_CONFIG --exists --print-errors "libxml-2.0 >= 2.6.17"
configure:3871: $? = 0
configure:3929: result: yes
configure:3939: checking for xmlReaderForFile in -lxml2
configure:3964: g++ -o conftest -Wall -Wextra -g -O2   conftest.cpp -lxml2   >&5
configure:3964: $? = 0
configure:3973: result: yes
configure:3988: checking for setlocale
configure:3988: g++ -o conftest -Wall -Wextra -g -O2   conftest.cpp -lxml2  >&5
configure:3988: $? = 0
configure:3988: result: yes
configure:3988: checking for strdup
configure:3988: g++ -o conftest -Wall -Wextra -g -O2   conftest.cpp -lxml2  >&5
configure:3988: $? = 0
configure:3988: result: yes
configure:3988: checking for getopt_long
configure:3988: g++ -o conftest -Wall -Wextra -g -O2   conftest.cpp -lxml2  >&5
configure:3988: $? = 0
configure:3988: result: yes
configure:4003: checking how to run the C++ preprocessor
configure:4030: g++ -E  conftest.cpp
configure:4030: $? = 0
configure:4044: g++ -E  conftest.cpp
conftest.cpp:13:28: fatal error: ac_nonexistent.h: No such file or directory
compilation terminated.
configure:4044: $? = 1
configure: failed program was:
| /* confdefs.h */
| #define PACKAGE_NAME "apertium-separable"
| #define PACKAGE_TARNAME "apertium-separable"
| #define PACKAGE_VERSION "0.1.1"
| #define PACKAGE_STRING "apertium-separable 0.1.1"
| #define PACKAGE_BUGREPORT "ftyers@prompsit.com"
| #define PACKAGE_URL ""
| #define HAVE_LIBXML2 1
| #define HAVE_SETLOCALE 1
| #define HAVE_STRDUP 1
| #define HAVE_GETOPT_LONG 1
| /* end confdefs.h.  */
| #include <ac_nonexistent.h>
configure:4069: result: g++ -E
configure:4089: g++ -E  conftest.cpp
configure:4089: $? = 0
configure:4103: g++ -E  conftest.cpp
conftest.cpp:13:28: fatal error: ac_nonexistent.h: No such file or directory
compilation terminated.
configure:4103: $? = 1
configure: failed program was:
| /* confdefs.h */
| #define PACKAGE_NAME "apertium-separable"
| #define PACKAGE_TARNAME "apertium-separable"
| #define PACKAGE_VERSION "0.1.1"
| #define PACKAGE_STRING "apertium-separable 0.1.1"
| #define PACKAGE_BUGREPORT "ftyers@prompsit.com"
| #define PACKAGE_URL ""
| #define HAVE_LIBXML2 1
| #define HAVE_SETLOCALE 1
| #define HAVE_STRDUP 1
| #define HAVE_GETOPT_LONG 1
| /* end confdefs.h.  */
| #include <ac_nonexistent.h>
configure:4132: checking for grep that handles long lines and -e
configure:4190: result: /bin/grep
configure:4195: checking for egrep
configure:4257: result: /bin/grep -E
configure:4262: checking for ANSI C header files
configure:4282: g++ -c -Wall -Wextra -g -O2  conftest.cpp >&5
configure:4282: $? = 0
configure:4355: g++ -o conftest -Wall -Wextra -g -O2   conftest.cpp -lxml2  >&5
configure:4355: $? = 0
configure:4355: ./conftest
configure:4355: $? = 0
configure:4366: result: yes
configure:4379: checking for sys/types.h
configure:4379: g++ -c -Wall -Wextra -g -O2  conftest.cpp >&5
configure:4379: $? = 0
configure:4379: result: yes
configure:4379: checking for sys/stat.h
configure:4379: g++ -c -Wall -Wextra -g -O2  conftest.cpp >&5
configure:4379: $? = 0
configure:4379: result: yes
configure:4379: checking for stdlib.h
configure:4379: g++ -c -Wall -Wextra -g -O2  conftest.cpp >&5
configure:4379: $? = 0
configure:4379: result: yes
configure:4379: checking for string.h
configure:4379: g++ -c -Wall -Wextra -g -O2  conftest.cpp >&5
configure:4379: $? = 0
configure:4379: result: yes
configure:4379: checking for memory.h
configure:4379: g++ -c -Wall -Wextra -g -O2  conftest.cpp >&5
configure:4379: $? = 0
configure:4379: result: yes
configure:4379: checking for strings.h
configure:4379: g++ -c -Wall -Wextra -g -O2  conftest.cpp >&5
configure:4379: $? = 0
configure:4379: result: yes
configure:4379: checking for inttypes.h
configure:4379: g++ -c -Wall -Wextra -g -O2  conftest.cpp >&5
configure:4379: $? = 0
configure:4379: result: yes
configure:4379: checking for stdint.h
configure:4379: g++ -c -Wall -Wextra -g -O2  conftest.cpp >&5
configure:4379: $? = 0
configure:4379: result: yes
configure:4379: checking for unistd.h
configure:4379: g++ -c -Wall -Wextra -g -O2  conftest.cpp >&5
configure:4379: $? = 0
configure:4379: result: yes
configure:4391: checking whether fread_unlocked is declared
configure:4391: g++ -c -Wall -Wextra -g -O2  conftest.cpp >&5
configure:4391: $? = 0
configure:4391: result: yes
configure:4401: checking whether fwrite_unlocked is declared
configure:4401: g++ -c -Wall -Wextra -g -O2  conftest.cpp >&5
configure:4401: $? = 0
configure:4401: result: yes
configure:4411: checking whether fgetc_unlocked is declared
configure:4411: g++ -c -Wall -Wextra -g -O2  conftest.cpp >&5
configure:4411: $? = 0
configure:4411: result: yes
configure:4421: checking whether fputc_unlocked is declared
configure:4421: g++ -c -Wall -Wextra -g -O2  conftest.cpp >&5
configure:4421: $? = 0
configure:4421: result: yes
configure:4431: checking whether fputs_unlocked is declared
configure:4431: g++ -c -Wall -Wextra -g -O2  conftest.cpp >&5
configure:4431: $? = 0
configure:4431: result: yes
configure:4441: checking whether getopt_long is declared
configure:4441: g++ -c -Wall -Wextra -g -O2  conftest.cpp >&5
conftest.cpp: In function 'int main()':
conftest.cpp:66:10: error: 'getopt_long' was not declared in this scope
   (void) getopt_long;
          ^
configure:4441: $? = 1
configure: failed program was:
| /* confdefs.h */
| #define PACKAGE_NAME "apertium-separable"
| #define PACKAGE_TARNAME "apertium-separable"
| #define PACKAGE_VERSION "0.1.1"
| #define PACKAGE_STRING "apertium-separable 0.1.1"
| #define PACKAGE_BUGREPORT "ftyers@prompsit.com"
| #define PACKAGE_URL ""
| #define HAVE_LIBXML2 1
| #define HAVE_SETLOCALE 1
| #define HAVE_STRDUP 1
| #define HAVE_GETOPT_LONG 1
| #define STDC_HEADERS 1
| #define HAVE_SYS_TYPES_H 1
| #define HAVE_SYS_STAT_H 1
| #define HAVE_STDLIB_H 1
| #define HAVE_STRING_H 1
| #define HAVE_MEMORY_H 1
| #define HAVE_STRINGS_H 1
| #define HAVE_INTTYPES_H 1
| #define HAVE_STDINT_H 1
| #define HAVE_UNISTD_H 1
| #define HAVE_DECL_FREAD_UNLOCKED 1
| #define HAVE_DECL_FWRITE_UNLOCKED 1
| #define HAVE_DECL_FGETC_UNLOCKED 1
| #define HAVE_DECL_FPUTC_UNLOCKED 1
| #define HAVE_DECL_FPUTS_UNLOCKED 1
| /* end confdefs.h.  */
| #include <stdio.h>
| #ifdef HAVE_SYS_TYPES_H
| # include <sys/types.h>
| #endif
| #ifdef HAVE_SYS_STAT_H
| # include <sys/stat.h>
| #endif
| #ifdef STDC_HEADERS
| # include <stdlib.h>
| # include <stddef.h>
| #else
| # ifdef HAVE_STDLIB_H
| #  include <stdlib.h>
| # endif
| #endif
| #ifdef HAVE_STRING_H
| # if !defined STDC_HEADERS && defined HAVE_MEMORY_H
| #  include <memory.h>
| # endif
| # include <string.h>
| #endif
| #ifdef HAVE_STRINGS_H
| # include <strings.h>
| #endif
| #ifdef HAVE_INTTYPES_H
| # include <inttypes.h>
| #endif
| #ifdef HAVE_STDINT_H
| # include <stdint.h>
| #endif
| #ifdef HAVE_UNISTD_H
| # include <unistd.h>
| #endif
| int
| main ()
| {
| #ifndef getopt_long
| #ifdef __cplusplus
|   (void) getopt_long;
| #else
|   (void) getopt_long;
| #endif
| #endif
| 
|   ;
|   return 0;
| }
configure:4441: result: no
configure:4451: checking whether fgetwc_unlocked is declared
configure:4451: g++ -c -Wall -Wextra -g -O2  conftest.cpp >&5
conftest.cpp: In function 'int main()':
conftest.cpp:67:10: error: 'fgetwc_unlocked' was not declared in this scope
   (void) fgetwc_unlocked;
          ^
configure:4451: $? = 1
configure: failed program was:
| /* confdefs.h */
| #define PACKAGE_NAME "apertium-separable"
| #define PACKAGE_TARNAME "apertium-separable"
| #define PACKAGE_VERSION "0.1.1"
| #define PACKAGE_STRING "apertium-separable 0.1.1"
| #define PACKAGE_BUGREPORT "ftyers@prompsit.com"
| #define PACKAGE_URL ""
| #define HAVE_LIBXML2 1
| #define HAVE_SETLOCALE 1
| #define HAVE_STRDUP 1
| #define HAVE_GETOPT_LONG 1
| #define STDC_HEADERS 1
| #define HAVE_SYS_TYPES_H 1
| #define HAVE_SYS_STAT_H 1
| #define HAVE_STDLIB_H 1
| #define HAVE_STRING_H 1
| #define HAVE_MEMORY_H 1
| #define HAVE_STRINGS_H 1
| #define HAVE_INTTYPES_H 1
| #define HAVE_STDINT_H 1
| #define HAVE_UNISTD_H 1
| #define HAVE_DECL_FREAD_UNLOCKED 1
| #define HAVE_DECL_FWRITE_UNLOCKED 1
| #define HAVE_DECL_FGETC_UNLOCKED 1
| #define HAVE_DECL_FPUTC_UNLOCKED 1
| #define HAVE_DECL_FPUTS_UNLOCKED 1
| #define HAVE_DECL_GETOPT_LONG 0
| /* end confdefs.h.  */
| #include <stdio.h>
| #ifdef HAVE_SYS_TYPES_H
| # include <sys/types.h>
| #endif
| #ifdef HAVE_SYS_STAT_H
| # include <sys/stat.h>
| #endif
| #ifdef STDC_HEADERS
| # include <stdlib.h>
| # include <stddef.h>
| #else
| # ifdef HAVE_STDLIB_H
| #  include <stdlib.h>
| # endif
| #endif
| #ifdef HAVE_STRING_H
| # if !defined STDC_HEADERS && defined HAVE_MEMORY_H
| #  include <memory.h>
| # endif
| # include <string.h>
| #endif
| #ifdef HAVE_STRINGS_H
| # include <strings.h>
| #endif
| #ifdef HAVE_INTTYPES_H
| # include <inttypes.h>
| #endif
| #ifdef HAVE_STDINT_H
| # include <stdint.h>
| #endif
| #ifdef HAVE_UNISTD_H
| # include <unistd.h>
| #endif
| int
| main ()
| {
| #ifndef fgetwc_unlocked
| #ifdef __cplusplus
|   (void) fgetwc_unlocked;
| #else
|   (void) fgetwc_unlocked;
| #endif
| #endif
| 
|   ;
|   return 0;
| }
configure:4451: result: no
configure:4461: checking whether fputwc_unlocked is declared
configure:4461: g++ -c -Wall -Wextra -g -O2  conftest.cpp >&5
conftest.cpp: In function 'int main()':
conftest.cpp:68:10: error: 'fputwc_unlocked' was not declared in this scope
   (void) fputwc_unlocked;
          ^
configure:4461: $? = 1
configure: failed program was:
| /* confdefs.h */
| #define PACKAGE_NAME "apertium-separable"
| #define PACKAGE_TARNAME "apertium-separable"
| #define PACKAGE_VERSION "0.1.1"
| #define PACKAGE_STRING "apertium-separable 0.1.1"
| #define PACKAGE_BUGREPORT "ftyers@prompsit.com"
| #define PACKAGE_URL ""
| #define HAVE_LIBXML2 1
| #define HAVE_SETLOCALE 1
| #define HAVE_STRDUP 1
| #define HAVE_GETOPT_LONG 1
| #define STDC_HEADERS 1
| #define HAVE_SYS_TYPES_H 1
| #define HAVE_SYS_STAT_H 1
| #define HAVE_STDLIB_H 1
| #define HAVE_STRING_H 1
| #define HAVE_MEMORY_H 1
| #define HAVE_STRINGS_H 1
| #define HAVE_INTTYPES_H 1
| #define HAVE_STDINT_H 1
| #define HAVE_UNISTD_H 1
| #define HAVE_DECL_FREAD_UNLOCKED 1
| #define HAVE_DECL_FWRITE_UNLOCKED 1
| #define HAVE_DECL_FGETC_UNLOCKED 1
| #define HAVE_DECL_FPUTC_UNLOCKED 1
| #define HAVE_DECL_FPUTS_UNLOCKED 1
| #define HAVE_DECL_GETOPT_LONG 0
| #define HAVE_DECL_FGETWC_UNLOCKED 0
| /* end confdefs.h.  */
| #include <stdio.h>
| #ifdef HAVE_SYS_TYPES_H
| # include <sys/types.h>
| #endif
| #ifdef HAVE_SYS_STAT_H
| # include <sys/stat.h>
| #endif
| #ifdef STDC_HEADERS
| # include <stdlib.h>
| # include <stddef.h>
| #else
| # ifdef HAVE_STDLIB_H
| #  include <stdlib.h>
| # endif
| #endif
| #ifdef HAVE_STRING_H
| # if !defined STDC_HEADERS && defined HAVE_MEMORY_H
| #  include <memory.h>
| # endif
| # include <string.h>
| #endif
| #ifdef HAVE_STRINGS_H
| # include <strings.h>
| #endif
| #ifdef HAVE_INTTYPES_H
| # include <inttypes.h>
| #endif
| #ifdef HAVE_STDINT_H
| # include <stdint.h>
| #endif
| #ifdef HAVE_UNISTD_H
| # include <unistd.h>
| #endif
| int
| main ()
| {
| #ifndef fputwc_unlocked
| #ifdef __cplusplus
|   (void) fputwc_unlocked;
| #else
|   (void) fputwc_unlocked;
| #endif
| #endif
| 
|   ;
|   return 0;
| }
configure:4461: result: no
configure:4471: checking whether fgetws_unlocked is declared
configure:4471: g++ -c -Wall -Wextra -g -O2  conftest.cpp >&5
conftest.cpp: In function 'int main()':
conftest.cpp:69:10: error: 'fgetws_unlocked' was not declared in this scope
   (void) fgetws_unlocked;
          ^
configure:4471: $? = 1
configure: failed program was:
| /* confdefs.h */
| #define PACKAGE_NAME "apertium-separable"
| #define PACKAGE_TARNAME "apertium-separable"
| #define PACKAGE_VERSION "0.1.1"
| #define PACKAGE_STRING "apertium-separable 0.1.1"
| #define PACKAGE_BUGREPORT "ftyers@prompsit.com"
| #define PACKAGE_URL ""
| #define HAVE_LIBXML2 1
| #define HAVE_SETLOCALE 1
| #define HAVE_STRDUP 1
| #define HAVE_GETOPT_LONG 1
| #define STDC_HEADERS 1
| #define HAVE_SYS_TYPES_H 1
| #define HAVE_SYS_STAT_H 1
| #define HAVE_STDLIB_H 1
| #define HAVE_STRING_H 1
| #define HAVE_MEMORY_H 1
| #define HAVE_STRINGS_H 1
| #define HAVE_INTTYPES_H 1
| #define HAVE_STDINT_H 1
| #define HAVE_UNISTD_H 1
| #define HAVE_DECL_FREAD_UNLOCKED 1
| #define HAVE_DECL_FWRITE_UNLOCKED 1
| #define HAVE_DECL_FGETC_UNLOCKED 1
| #define HAVE_DECL_FPUTC_UNLOCKED 1
| #define HAVE_DECL_FPUTS_UNLOCKED 1
| #define HAVE_DECL_GETOPT_LONG 0
| #define HAVE_DECL_FGETWC_UNLOCKED 0
| #define HAVE_DECL_FPUTWC_UNLOCKED 0
| /* end confdefs.h.  */
| #include <stdio.h>
| #ifdef HAVE_SYS_TYPES_H
| # include <sys/types.h>
| #endif
| #ifdef HAVE_SYS_STAT_H
| # include <sys/stat.h>
| #endif
| #ifdef STDC_HEADERS
| # include <stdlib.h>
| # include <stddef.h>
| #else
| # ifdef HAVE_STDLIB_H
| #  include <stdlib.h>
| # endif
| #endif
| #ifdef HAVE_STRING_H
| # if !defined STDC_HEADERS && defined HAVE_MEMORY_H
| #  include <memory.h>
| # endif
| # include <string.h>
| #endif
| #ifdef HAVE_STRINGS_H
| # include <strings.h>
| #endif
| #ifdef HAVE_INTTYPES_H
| # include <inttypes.h>
| #endif
| #ifdef HAVE_STDINT_H
| # include <stdint.h>
| #endif
| #ifdef HAVE_UNISTD_H
| # include <unistd.h>
| #endif
| int
| main ()
| {
| #ifndef fgetws_unlocked
| #ifdef __cplusplus
|   (void) fgetws_unlocked;
| #else
|   (void) fgetws_unlocked;
| #endif
| #endif
| 
|   ;
|   return 0;
| }
configure:4471: result: no
configure:4481: checking whether fputws_unlocked is declared
configure:4481: g++ -c -Wall -Wextra -g -O2  conftest.cpp >&5
conftest.cpp: In function 'int main()':
conftest.cpp:70:10: error: 'fputws_unlocked' was not declared in this scope
   (void) fputws_unlocked;
          ^
configure:4481: $? = 1
configure: failed program was:
| /* confdefs.h */
| #define PACKAGE_NAME "apertium-separable"
| #define PACKAGE_TARNAME "apertium-separable"
| #define PACKAGE_VERSION "0.1.1"
| #define PACKAGE_STRING "apertium-separable 0.1.1"
| #define PACKAGE_BUGREPORT "ftyers@prompsit.com"
| #define PACKAGE_URL ""
| #define HAVE_LIBXML2 1
| #define HAVE_SETLOCALE 1
| #define HAVE_STRDUP 1
| #define HAVE_GETOPT_LONG 1
| #define STDC_HEADERS 1
| #define HAVE_SYS_TYPES_H 1
| #define HAVE_SYS_STAT_H 1
| #define HAVE_STDLIB_H 1
| #define HAVE_STRING_H 1
| #define HAVE_MEMORY_H 1
| #define HAVE_STRINGS_H 1
| #define HAVE_INTTYPES_H 1
| #define HAVE_STDINT_H 1
| #define HAVE_UNISTD_H 1
| #define HAVE_DECL_FREAD_UNLOCKED 1
| #define HAVE_DECL_FWRITE_UNLOCKED 1
| #define HAVE_DECL_FGETC_UNLOCKED 1
| #define HAVE_DECL_FPUTC_UNLOCKED 1
| #define HAVE_DECL_FPUTS_UNLOCKED 1
| #define HAVE_DECL_GETOPT_LONG 0
| #define HAVE_DECL_FGETWC_UNLOCKED 0
| #define HAVE_DECL_FPUTWC_UNLOCKED 0
| #define HAVE_DECL_FGETWS_UNLOCKED 0
| /* end confdefs.h.  */
| #include <stdio.h>
| #ifdef HAVE_SYS_TYPES_H
| # include <sys/types.h>
| #endif
| #ifdef HAVE_SYS_STAT_H
| # include <sys/stat.h>
| #endif
| #ifdef STDC_HEADERS
| # include <stdlib.h>
| # include <stddef.h>
| #else
| # ifdef HAVE_STDLIB_H
| #  include <stdlib.h>
| # endif
| #endif
| #ifdef HAVE_STRING_H
| # if !defined STDC_HEADERS && defined HAVE_MEMORY_H
| #  include <memory.h>
| # endif
| # include <string.h>
| #endif
| #ifdef HAVE_STRINGS_H
| # include <strings.h>
| #endif
| #ifdef HAVE_INTTYPES_H
| # include <inttypes.h>
| #endif
| #ifdef HAVE_STDINT_H
| # include <stdint.h>
| #endif
| #ifdef HAVE_UNISTD_H
| # include <unistd.h>
| #endif
| int
| main ()
| {
| #ifndef fputws_unlocked
| #ifdef __cplusplus
|   (void) fputws_unlocked;
| #else
|   (void) fputws_unlocked;
| #endif
| #endif
| 
|   ;
|   return 0;
| }
configure:4481: result: no
configure:4503: checking whether C++ compiler accepts -std=c++17
configure:4522: g++ -c -Wall -Wextra -g -O2  -std=c++17  -Wall -Wextra  -I/usr/include/apertium-3.4 -I/usr/lib/x86_64-linux-gnu/apertium-3.4/include -I/usr/include/lttoolbox-3.3 -I/usr/lib/x86_64-linux-gnu/lttoolbox-3.3/include -I/usr/include/libxml2 -I/usr/include/libxml2 conftest.cpp >&5
configure:4522: $? = 0
configure:4530: result: yes
configure:4794: checking that generated files are newer than configure
configure:4800: result: done
configure:4818: checking that generated files are newer than configure
configure:4824: result: done
configure:4831: creating ./config.status

## ---------------------- ##
## Running config.status. ##
## ---------------------- ##

This file was extended by apertium-separable config.status 0.1.1, which was
generated by GNU Autoconf 2.69.  Invocation command line was

  CONFIG_FILES    = 
  CONFIG_HEADERS  = 
  CONFIG_LINKS    = 
  CONFIG_COMMANDS = 
  $ ./config.status 

on himanshu-X556UF

config.status:877: creating Makefile
config.status:877: creating src/Makefile
config.status:877: creating lsx_config.h
config.status:1058: lsx_config.h is unchanged
config.status:1106: executing depfiles commands

## ---------------- ##
## Cache variables. ##
## ---------------- ##

ac_cv_cxx_compiler_gnu=yes
ac_cv_env_APERTIUM_CFLAGS_set=
ac_cv_env_APERTIUM_CFLAGS_value=
ac_cv_env_APERTIUM_LIBS_set=
ac_cv_env_APERTIUM_LIBS_value=
ac_cv_env_CCC_set=
ac_cv_env_CCC_value=
ac_cv_env_CPPFLAGS_set=
ac_cv_env_CPPFLAGS_value=
ac_cv_env_CXXCPP_set=
ac_cv_env_CXXCPP_value=
ac_cv_env_CXXFLAGS_set=
ac_cv_env_CXXFLAGS_value=
ac_cv_env_CXX_set=
ac_cv_env_CXX_value=
ac_cv_env_LDFLAGS_set=
ac_cv_env_LDFLAGS_value=
ac_cv_env_LIBS_set=
ac_cv_env_LIBS_value=
ac_cv_env_LIBXML_CFLAGS_set=
ac_cv_env_LIBXML_CFLAGS_value=
ac_cv_env_LIBXML_LIBS_set=
ac_cv_env_LIBXML_LIBS_value=
ac_cv_env_LTTOOLBOX_CFLAGS_set=
ac_cv_env_LTTOOLBOX_CFLAGS_value=
ac_cv_env_LTTOOLBOX_LIBS_set=
ac_cv_env_LTTOOLBOX_LIBS_value=
ac_cv_env_PKG_CONFIG_LIBDIR_set=
ac_cv_env_PKG_CONFIG_LIBDIR_value=
ac_cv_env_PKG_CONFIG_PATH_set=
ac_cv_env_PKG_CONFIG_PATH_value=
ac_cv_env_PKG_CONFIG_set=
ac_cv_env_PKG_CONFIG_value=
ac_cv_env_build_alias_set=
ac_cv_env_build_alias_value=
ac_cv_env_host_alias_set=
ac_cv_env_host_alias_value=
ac_cv_env_target_alias_set=
ac_cv_env_target_alias_value=
ac_cv_func_getopt_long=yes
ac_cv_func_setlocale=yes
ac_cv_func_strdup=yes
ac_cv_have_decl_fgetc_unlocked=yes
ac_cv_have_decl_fgetwc_unlocked=no
ac_cv_have_decl_fgetws_unlocked=no
ac_cv_have_decl_fputc_unlocked=yes
ac_cv_have_decl_fputs_unlocked=yes
ac_cv_have_decl_fputwc_unlocked=no
ac_cv_have_decl_fputws_unlocked=no
ac_cv_have_decl_fread_unlocked=yes
ac_cv_have_decl_fwrite_unlocked=yes
ac_cv_have_decl_getopt_long=no
ac_cv_header_inttypes_h=yes
ac_cv_header_memory_h=yes
ac_cv_header_stdc=yes
ac_cv_header_stdint_h=yes
ac_cv_header_stdlib_h=yes
ac_cv_header_string_h=yes
ac_cv_header_strings_h=yes
ac_cv_header_sys_stat_h=yes
ac_cv_header_sys_types_h=yes
ac_cv_header_unistd_h=yes
ac_cv_lib_xml2_xmlReaderForFile=yes
ac_cv_objext=o
ac_cv_path_EGREP='/bin/grep -E'
ac_cv_path_GREP=/bin/grep
ac_cv_path_ac_pt_PKG_CONFIG=/usr/bin/pkg-config
ac_cv_path_install='/usr/bin/install -c'
ac_cv_path_mkdir=/bin/mkdir
ac_cv_prog_AWK=gawk
ac_cv_prog_CXXCPP='g++ -E'
ac_cv_prog_ac_ct_CXX=g++
ac_cv_prog_cxx_g=yes
ac_cv_prog_make_make_set=yes
am_cv_CXX_dependencies_compiler_type=gcc3
am_cv_make_support_nested_variables=yes
ax_cv_check_cxxflags___std_cpp17=yes
pkg_cv_APERTIUM_CFLAGS='-I/usr/include/apertium-3.4 -I/usr/lib/x86_64-linux-gnu/apertium-3.4/include -I/usr/include/lttoolbox-3.3 -I/usr/lib/x86_64-linux-gnu/lttoolbox-3.3/include -I/usr/include/libxml2'
pkg_cv_APERTIUM_LIBS='-lapertium3 -llttoolbox3 -lxml2 -lpcre'
pkg_cv_LIBXML_CFLAGS=-I/usr/include/libxml2
pkg_cv_LIBXML_LIBS=-lxml2
pkg_cv_LTTOOLBOX_CFLAGS='-I/usr/include/lttoolbox-3.3 -I/usr/lib/x86_64-linux-gnu/lttoolbox-3.3/include -I/usr/include/libxml2'
pkg_cv_LTTOOLBOX_LIBS='-llttoolbox3 -lxml2'

## ----------------- ##
## Output variables. ##
## ----------------- ##

ACLOCAL='${SHELL} /home/himanshu/Apertium-separable/missing aclocal-1.15'
AMDEPBACKSLASH='\'
AMDEP_FALSE='#'
AMDEP_TRUE=''
AMTAR='$${TAR-tar}'
AM_BACKSLASH='\'
AM_DEFAULT_V='$(AM_DEFAULT_VERBOSITY)'
AM_DEFAULT_VERBOSITY='1'
AM_V='$(V)'
APERTIUM_CFLAGS='-I/usr/include/apertium-3.4 -I/usr/lib/x86_64-linux-gnu/apertium-3.4/include -I/usr/include/lttoolbox-3.3 -I/usr/lib/x86_64-linux-gnu/lttoolbox-3.3/include -I/usr/include/libxml2'
APERTIUM_LIBS='-lapertium3 -llttoolbox3 -lxml2 -lpcre'
AUTOCONF='${SHELL} /home/himanshu/Apertium-separable/missing autoconf'
AUTOHEADER='${SHELL} /home/himanshu/Apertium-separable/missing autoheader'
AUTOMAKE='${SHELL} /home/himanshu/Apertium-separable/missing automake-1.15'
AWK='gawk'
CPPFLAGS=' -Wall -Wextra  -I/usr/include/apertium-3.4 -I/usr/lib/x86_64-linux-gnu/apertium-3.4/include -I/usr/include/lttoolbox-3.3 -I/usr/lib/x86_64-linux-gnu/lttoolbox-3.3/include -I/usr/include/libxml2 -I/usr/include/libxml2'
CXX='g++'
CXXCPP='g++ -E'
CXXDEPMODE='depmode=gcc3'
CXXFLAGS='-Wall -Wextra -g -O2 -std=c++17'
CYGPATH_W='echo'
DEFS='-DHAVE_CONFIG_H'
DEPDIR='.deps'
ECHO_C=''
ECHO_N='-n'
ECHO_T=''
EGREP='/bin/grep -E'
EXEEXT=''
GREP='/bin/grep'
INSTALL_DATA='${INSTALL} -m 644'
INSTALL_PROGRAM='${INSTALL}'
INSTALL_SCRIPT='${INSTALL}'
INSTALL_STRIP_PROGRAM='$(install_sh) -c -s'
LDFLAGS=''
LIBOBJS=''
LIBS='-lxml2  -lapertium3 -llttoolbox3 -lxml2 -lpcre -lxml2 -lz'
LIBXML_CFLAGS='-I/usr/include/libxml2'
LIBXML_LIBS='-lxml2'
LTLIBOBJS=''
LTTOOLBOX_CFLAGS='-I/usr/include/lttoolbox-3.3 -I/usr/lib/x86_64-linux-gnu/lttoolbox-3.3/include -I/usr/include/libxml2'
LTTOOLBOX_LIBS='-llttoolbox3 -lxml2'
MAKEINFO='${SHELL} /home/himanshu/Apertium-separable/missing makeinfo'
MKDIR_P='/bin/mkdir -p'
OBJEXT='o'
PACKAGE='apertium-separable'
PACKAGE_BUGREPORT='ftyers@prompsit.com'
PACKAGE_NAME='apertium-separable'
PACKAGE_STRING='apertium-separable 0.1.1'
PACKAGE_TARNAME='apertium-separable'
PACKAGE_URL=''
PACKAGE_VERSION='0.1.1'
PATH_SEPARATOR=':'
PKG_CONFIG='/usr/bin/pkg-config'
PKG_CONFIG_LIBDIR=''
PKG_CONFIG_PATH=''
SET_MAKE=''
SHELL='/bin/bash'
STRIP=''
VERSION='0.1.1'
ac_ct_CXX='g++'
am__EXEEXT_FALSE=''
am__EXEEXT_TRUE='#'
am__fastdepCXX_FALSE='#'
am__fastdepCXX_TRUE=''
am__include='include'
am__isrc=''
am__leading_dot='.'
am__nodep='_no'
am__quote=''
am__tar='$${TAR-tar} chof - "$$tardir"'
am__untar='$${TAR-tar} xf -'
bindir='${exec_prefix}/bin'
build_alias=''
datadir='${datarootdir}'
datarootdir='${prefix}/share'
docdir='${datarootdir}/doc/${PACKAGE_TARNAME}'
dvidir='${docdir}'
exec_prefix='${prefix}'
host_alias=''
htmldir='${docdir}'
includedir='${prefix}/include'
infodir='${datarootdir}/info'
install_sh='${SHELL} /home/himanshu/Apertium-separable/install-sh'
libdir='${exec_prefix}/lib'
libexecdir='${exec_prefix}/libexec'
localedir='${datarootdir}/locale'
localstatedir='${prefix}/var'
mandir='${datarootdir}/man'
mkdir_p='$(MKDIR_P)'
oldincludedir='/usr/include'
pdfdir='${docdir}'
prefix='/usr/local'
program_transform_name='s,x,x,'
psdir='${docdir}'
runstatedir='${localstatedir}/run'
sbindir='${exec_prefix}/sbin'
sharedstatedir='${prefix}/com'
sysconfdir='${prefix}/etc'
target_alias=''

## ----------- ##
## confdefs.h. ##
## ----------- ##

/* confdefs.h */
#define PACKAGE_NAME "apertium-separable"
#define PACKAGE_TARNAME "apertium-separable"
#define PACKAGE_VERSION "0.1.1"
#define PACKAGE_STRING "apertium-separable 0.1.1"
#define PACKAGE_BUGREPORT "ftyers@prompsit.com"
#define PACKAGE_URL ""
#define HAVE_LIBXML2 1
#define HAVE_SETLOCALE 1
#define HAVE_STRDUP 1
#define HAVE_GETOPT_LONG 1
#define STDC_HEADERS 1
#define HAVE_SYS_TYPES_H 1
#define HAVE_SYS_STAT_H 1
#define HAVE_STDLIB_H 1
#define HAVE_STRING_H 1
#define HAVE_MEMORY_H 1
#define HAVE_STRINGS_H 1
#define HAVE_INTTYPES_H 1
#define HAVE_STDINT_H 1
#define HAVE_UNISTD_H 1
#define HAVE_DECL_FREAD_UNLOCKED 1
#define HAVE_DECL_FWRITE_UNLOCKED 1
#define HAVE_DECL_FGETC_UNLOCKED 1
#define HAVE_DECL_FPUTC_UNLOCKED 1
#define HAVE_DECL_FPUTS_UNLOCKED 1
#define HAVE_DECL_GETOPT_LONG 0
#define HAVE_DECL_FGETWC_UNLOCKED 0
#define HAVE_DECL_FPUTWC_UNLOCKED 0
#define HAVE_DECL_FGETWS_UNLOCKED 0
#define HAVE_DECL_FPUTWS_UNLOCKED 0

configure: exit 0
